[+] Containers:
 |- [+] Container: /Game/MyContent/Levels/Level1/Level1
 |   |- [+] ActorDescs:
 |   |   |- Guid:0011904544CBAD9E2941008E3301AA45 BaseClass:/Game/MyContent/Levels/Level1/ObjetFlasheurInvincible/BP_ObjetFlasheur.BP_ObjetFlasheur_C NativeClass:/Script/Engine.Actor Name:BP_ObjetFlasheur_C_UAID_00D861A27B69105002_1710172791 Label:BP_ObjetFlasheur SpatiallyLoaded:1 Bounds:IsValid=true, Min=(X=1830.210 Y=801.077 Z=62.735), Max=(X=1989.790 Y=958.923 Z=197.265) RuntimeGrid:None EditorOnly:0 RuntimeOnly:0 HLODRelevant:0 ListedInSceneOutliner:1 IsMainWorldOnly:0
 |   |   |- Guid:014EFAEE4BAF99CB273B45B5CAAED99A BaseClass: NativeClass:/Script/Landscape.LandscapeStreamingProxy Name:LandscapeStreamingProxy_7VV2DMWM6ETQAEQ4QZQ4S3WH5_126_1_1_0 Label:LandscapeStreamingProxy_1_1_0 SpatiallyLoaded:1 Bounds:IsValid=true, Min=(X=-12600.000 Y=-12600.000 Z=0.000), Max=(X=0.000 Y=0.000 Z=200.000) RuntimeGrid:None EditorOnly:0 RuntimeOnly:0 HLODRelevant:1 ListedInSceneOutliner:1 IsMainWorldOnly:0
 |   |   |- Guid:0B4B2FAD4DC7A3CF9581F487D3921C00 BaseClass: NativeClass:/Script/Landscape.LandscapeStreamingProxy Name:LandscapeStreamingProxy_7VV2DMWM6ETQAEQ4QZQ4S3WH5_126_0_1_0 Label:LandscapeStreamingProxy_0_1_0 SpatiallyLoaded:1 Bounds:IsValid=true, Min=(X=-25200.000 Y=-12600.000 Z=0.000), Max=(X=-12600.000 Y=0.000 Z=3564.844) RuntimeGrid:None EditorOnly:0 RuntimeOnly:0 HLODRelevant:1 ListedInSceneOutliner:1 IsMainWorldOnly:0
 |   |   |- Guid:0ED04F62414BC183C994208E7D30FB75 BaseClass: NativeClass:/Script/Landscape.LandscapeStreamingProxy Name:LandscapeStreamingProxy_CF1B5M8438XNP34JYPL3TLY4B_126_1_0_0 Label:LandscapeStreamingProxy_1_0_0 SpatiallyLoaded:1 Bounds:IsValid=true, Min=(X=-12600.000 Y=-25200.000 Z=0.000), Max=(X=0.000 Y=-12600.000 Z=200.000) RuntimeGrid:None EditorOnly:0 RuntimeOnly:0 HLODRelevant:1 ListedInSceneOutliner:1 IsMainWorldOnly:0
 |   |   |- Guid:2D1F609A45CD6389FE178BA88B7D65AE BaseClass: NativeClass:/Script/Landscape.LandscapeStreamingProxy Name:LandscapeStreamingProxy_7VV2DMWM6ETQAEQ4QZQ4S3WH5_126_2_0_0 Label:LandscapeStreamingProxy_2_0_0 SpatiallyLoaded:1 Bounds:IsValid=true, Min=(X=0.000 Y=-25200.000 Z=0.000), Max=(X=12600.000 Y=-12600.000 Z=4822.656) RuntimeGrid:None EditorOnly:0 RuntimeOnly:0 HLODRelevant:1 ListedInSceneOutliner:1 IsMainWorldOnly:0
 |   |   |- Guid:32EE39674DB8984988A39EB22C1AB976 BaseClass: NativeClass:/Script/CinematicCamera.CineCameraActor Name:CineCameraActor_UAID_00D861A27B69195002_1306838383 Label:CineCameraActor SpatiallyLoaded:0 Bounds:IsValid=true, Min=(X=207.495 Y=850.000 Z=232.000), Max=(X=207.495 Y=850.000 Z=232.000) RuntimeGrid:None EditorOnly:0 RuntimeOnly:0 HLODRelevant:0 ListedInSceneOutliner:1 IsMainWorldOnly:0
 |   |   |- Guid:3A6BA59643DA9664370693B36EE33468 BaseClass: NativeClass:/Script/Landscape.LandscapeStreamingProxy Name:LandscapeStreamingProxy_7VV2DMWM6ETQAEQ4QZQ4S3WH5_126_1_2_0 Label:LandscapeStreamingProxy_1_2_0 SpatiallyLoaded:1 Bounds:IsValid=true, Min=(X=-12600.000 Y=0.000 Z=0.000), Max=(X=0.000 Y=12600.000 Z=200.000) RuntimeGrid:None EditorOnly:0 RuntimeOnly:0 HLODRelevant:1 ListedInSceneOutliner:1 IsMainWorldOnly:0
 |   |   |- Guid:3D07FF014263BE6292C852A77633C506 BaseClass:/Game/MyContent/Levels/Level1/Ennemies/BP_Ennemie.BP_Ennemie_C NativeClass:/Script/Engine.Character Name:BP_Ennemie_C_UAID_00D861A27B69165002_1249198848 Label:BP_Ennemie SpatiallyLoaded:1 Bounds:IsValid=true, Min=(X=2740.612 Y=1558.489 Z=100.000), Max=(X=2822.707 Y=1708.498 Z=313.625) RuntimeGrid:None EditorOnly:0 RuntimeOnly:0 HLODRelevant:0 ListedInSceneOutliner:1 IsMainWorldOnly:0
 |   |   |- Guid:3E41FFCF4292747CEBAA01B9BF78E899 BaseClass: NativeClass:/Script/Landscape.LandscapeStreamingProxy Name:LandscapeStreamingProxy_CF1B5M8438XNP34JYPL3TLY4B_126_1_1_0 Label:LandscapeStreamingProxy_1_1_0 SpatiallyLoaded:1 Bounds:IsValid=true, Min=(X=-12600.000 Y=-12600.000 Z=0.000), Max=(X=0.000 Y=0.000 Z=200.000) RuntimeGrid:None EditorOnly:0 RuntimeOnly:0 HLODRelevant:1 ListedInSceneOutliner:1 IsMainWorldOnly:0
 |   |   |- Guid:3ED9025D4137593BB96780A227EAE14C BaseClass: NativeClass:/Script/Landscape.LandscapeStreamingProxy Name:LandscapeStreamingProxy_7VV2DMWM6ETQAEQ4QZQ4S3WH5_126_1_0_0 Label:LandscapeStreamingProxy_1_0_0 SpatiallyLoaded:1 Bounds:IsValid=true, Min=(X=-12600.000 Y=-25200.000 Z=0.000), Max=(X=0.000 Y=-12600.000 Z=5283.594) RuntimeGrid:None EditorOnly:0 RuntimeOnly:0 HLODRelevant:1 ListedInSceneOutliner:1 IsMainWorldOnly:0
 |   |   |- Guid:41B0310D430E19AB647FACAE93C8A37B BaseClass: NativeClass:/Script/Landscape.LandscapeStreamingProxy Name:LandscapeStreamingProxy_7VV2DMWM6ETQAEQ4QZQ4S3WH5_126_2_1_0 Label:LandscapeStreamingProxy_2_1_0 SpatiallyLoaded:1 Bounds:IsValid=true, Min=(X=0.000 Y=-12600.000 Z=0.000), Max=(X=12600.000 Y=0.000 Z=200.000) RuntimeGrid:None EditorOnly:0 RuntimeOnly:0 HLODRelevant:1 ListedInSceneOutliner:1 IsMainWorldOnly:0
 |   |   |- Guid:59D94880447D731B79326AB7405CCC91 BaseClass: NativeClass:/Script/Landscape.LandscapeStreamingProxy Name:LandscapeStreamingProxy_CF1B5M8438XNP34JYPL3TLY4B_126_2_1_0 Label:LandscapeStreamingProxy_2_1_0 SpatiallyLoaded:1 Bounds:IsValid=true, Min=(X=0.000 Y=-12600.000 Z=0.000), Max=(X=12600.000 Y=0.000 Z=200.000) RuntimeGrid:None EditorOnly:0 RuntimeOnly:0 HLODRelevant:1 ListedInSceneOutliner:1 IsMainWorldOnly:0
 |   |   |- Guid:5E365CED42758FD101B062A399D7F365 BaseClass: NativeClass:/Script/Landscape.LandscapeStreamingProxy Name:LandscapeStreamingProxy_CF1B5M8438XNP34JYPL3TLY4B_126_0_1_0 Label:LandscapeStreamingProxy_0_1_0 SpatiallyLoaded:1 Bounds:IsValid=true, Min=(X=-25200.000 Y=-12600.000 Z=0.000), Max=(X=-12600.000 Y=0.000 Z=200.000) RuntimeGrid:None EditorOnly:0 RuntimeOnly:0 HLODRelevant:1 ListedInSceneOutliner:1 IsMainWorldOnly:0
 |   |   |- Guid:5F5F61E8485626C2E11444A275E53585 BaseClass: NativeClass:/Script/Engine.StaticMeshActor Name:StaticMeshActor_6 Label:SM_Ramp2 SpatiallyLoaded:1 Bounds:IsValid=true, Min=(X=1945.000 Y=400.000 Z=0.000), Max=(X=2345.000 Y=600.000 Z=100.000) RuntimeGrid:None EditorOnly:0 RuntimeOnly:0 HLODRelevant:1 ListedInSceneOutliner:1 IsMainWorldOnly:0 FolderPath:Block01 FolderGuid:5710F1034B6DC7FBD588718E283EB93C
 |   |   |- Guid:5FE7584649BB6F09265329A6C57CFD0D BaseClass: NativeClass:/Script/Engine.VolumetricCloud Name:VolumetricCloud_0 Label:VolumetricCloud SpatiallyLoaded:0 Bounds:IsValid=true, Min=(X=0.000 Y=0.000 Z=820.000), Max=(X=0.000 Y=0.000 Z=820.000) RuntimeGrid:None EditorOnly:0 RuntimeOnly:0 HLODRelevant:0 ListedInSceneOutliner:1 IsMainWorldOnly:0 FolderPath:Lighting FolderGuid:0BA5F0A04EADB18E70D5B180D08FA34B
 |   |   |- Guid:61391D344900612A77DFC3BA3E354907 BaseClass: NativeClass:/Script/Engine.ExponentialHeightFog Name:ExponentialHeightFog_0 Label:ExponentialHeightFog SpatiallyLoaded:0 Bounds:IsValid=true, Min=(X=-5600.000 Y=-50.000 Z=-6850.000), Max=(X=-5600.000 Y=-50.000 Z=-6850.000) RuntimeGrid:None EditorOnly:0 RuntimeOnly:0 HLODRelevant:0 ListedInSceneOutliner:1 IsMainWorldOnly:0 FolderPath:Lighting FolderGuid:0BA5F0A04EADB18E70D5B180D08FA34B
 |   |   |- Guid:65CF4A7849FAD94830242382A996CCD0 BaseClass: NativeClass:/Script/Landscape.LandscapeStreamingProxy Name:LandscapeStreamingProxy_7VV2DMWM6ETQAEQ4QZQ4S3WH5_126_2_3_0 Label:LandscapeStreamingProxy_2_3_0 SpatiallyLoaded:1 Bounds:IsValid=true, Min=(X=0.000 Y=12600.000 Z=0.000), Max=(X=12600.000 Y=25200.000 Z=6138.281) RuntimeGrid:None EditorOnly:0 RuntimeOnly:0 HLODRelevant:1 ListedInSceneOutliner:1 IsMainWorldOnly:0
 |   |   |- Guid:6FEFB3BD4EB37B849EF0D4AC80F83855 BaseClass: NativeClass:/Script/Engine.WorldDataLayers Name:WorldDataLayers Label:WorldDataLayers SpatiallyLoaded:0 Bounds:Invalid RuntimeGrid:None EditorOnly:0 RuntimeOnly:0 HLODRelevant:0 ListedInSceneOutliner:1 IsMainWorldOnly:1
 |   |   |- Guid:73DA7B174BEF3A3568051A8A63514FBC BaseClass: NativeClass:/Script/Landscape.LandscapeStreamingProxy Name:LandscapeStreamingProxy_CF1B5M8438XNP34JYPL3TLY4B_126_2_0_0 Label:LandscapeStreamingProxy_2_0_0 SpatiallyLoaded:1 Bounds:IsValid=true, Min=(X=0.000 Y=-25200.000 Z=0.000), Max=(X=12600.000 Y=-12600.000 Z=200.000) RuntimeGrid:None EditorOnly:0 RuntimeOnly:0 HLODRelevant:1 ListedInSceneOutliner:1 IsMainWorldOnly:0
 |   |   |- Guid:78CAF7514C7533F30BD2F19A017AAB65 BaseClass: NativeClass:/Script/Engine.StaticMeshActor Name:StaticMeshActor_0 Label:SM_Cube SpatiallyLoaded:1 Bounds:IsValid=true, Min=(X=0.000 Y=0.000 Z=-50.000), Max=(X=3000.000 Y=3500.000 Z=0.000) RuntimeGrid:None EditorOnly:0 RuntimeOnly:0 HLODRelevant:1 ListedInSceneOutliner:1 IsMainWorldOnly:0 FolderPath:Playground FolderGuid:6C02BB504B69D1F3D7A624B130C18E5B
 |   |   |- Guid:831DC1F5402550D1E8AE6ABB00366BA6 BaseClass: NativeClass:/Script/Landscape.LandscapeStreamingProxy Name:LandscapeStreamingProxy_7VV2DMWM6ETQAEQ4QZQ4S3WH5_126_3_0_0 Label:LandscapeStreamingProxy_3_0_0 SpatiallyLoaded:1 Bounds:IsValid=true, Min=(X=12600.000 Y=-25200.000 Z=0.000), Max=(X=25200.000 Y=-12600.000 Z=5445.312) RuntimeGrid:None EditorOnly:0 RuntimeOnly:0 HLODRelevant:1 ListedInSceneOutliner:1 IsMainWorldOnly:0
 |   |   |- Guid:866F9F0C4C8374678B39A289B21E21B9 BaseClass: NativeClass:/Script/Landscape.LandscapeStreamingProxy Name:LandscapeStreamingProxy_CF1B5M8438XNP34JYPL3TLY4B_126_3_2_0 Label:LandscapeStreamingProxy_3_2_0 SpatiallyLoaded:1 Bounds:IsValid=true, Min=(X=12600.000 Y=0.000 Z=0.000), Max=(X=25200.000 Y=12600.000 Z=200.000) RuntimeGrid:None EditorOnly:0 RuntimeOnly:0 HLODRelevant:1 ListedInSceneOutliner:1 IsMainWorldOnly:0
 |   |   |- Guid:86C39C6743366E70F79B33B0466B76AF BaseClass: NativeClass:/Script/LevelSequence.LevelSequenceActor Name:LevelSequenceActor_UAID_00D861A27B69195002_1379082384 Label:CinematiqueD?part SpatiallyLoaded:0 Bounds:IsValid=true, Min=(X=900.000 Y=850.000 Z=730.000), Max=(X=900.000 Y=850.000 Z=730.000) RuntimeGrid:None EditorOnly:0 RuntimeOnly:0 HLODRelevant:0 ListedInSceneOutliner:1 IsMainWorldOnly:0
 |   |   |- Guid:871C99FF4CA328F2AE0AA083E7F48D5B BaseClass:/Game/MyContent/CommonToLevels/BP_PistoletLaser.BP_PistoletLaser_C NativeClass:/Script/Engine.Actor Name:BP_PistoletLaser_C_UAID_00D861A27B691F5002_2048017432 Label:BP_PistoletLaser SpatiallyLoaded:1 Bounds:IsValid=true, Min=(X=1548.000 Y=558.000 Z=68.000), Max=(X=1612.000 Y=647.440 Z=132.000) RuntimeGrid:None EditorOnly:0 RuntimeOnly:0 HLODRelevant:0 ListedInSceneOutliner:1 IsMainWorldOnly:0
 |   |   |- Guid:93AFC2764D64D19FC396B58A838A8833 BaseClass: NativeClass:/Script/Landscape.Landscape Name:Landscape_UAID_A036BC2AEF54D84E02_1109580879 Label:Landscape SpatiallyLoaded:0 Bounds:IsValid=true, Min=(X=-25200.000 Y=-25200.000 Z=100.000), Max=(X=-25200.000 Y=-25200.000 Z=100.000) RuntimeGrid:None EditorOnly:0 RuntimeOnly:0 HLODRelevant:0 ListedInSceneOutliner:1 IsMainWorldOnly:0
 |   |   |- Guid:94A9ED3846EBA43C6C422BB659D2CD24 BaseClass: NativeClass:/Script/Landscape.LandscapeStreamingProxy Name:LandscapeStreamingProxy_7VV2DMWM6ETQAEQ4QZQ4S3WH5_126_0_3_0 Label:LandscapeStreamingProxy_0_3_0 SpatiallyLoaded:1 Bounds:IsValid=true, Min=(X=-25200.000 Y=12600.000 Z=100.000), Max=(X=-12600.000 Y=25200.000 Z=3728.125) RuntimeGrid:None EditorOnly:0 RuntimeOnly:0 HLODRelevant:1 ListedInSceneOutliner:1 IsMainWorldOnly:0
 |   |   |- Guid:9E36F3534D1325A4479B8387DA742545 BaseClass: NativeClass:/Script/Engine.TextRenderActor Name:TextRenderActor_UAID_00D861A27B69195002_1115915382 Label:TextRenderActor2 SpatiallyLoaded:1 Bounds:IsValid=true, Min=(X=1340.000 Y=820.000 Z=270.000), Max=(X=1340.000 Y=914.000 Z=296.000) RuntimeGrid:None EditorOnly:0 RuntimeOnly:0 HLODRelevant:0 ListedInSceneOutliner:1 IsMainWorldOnly:0
 |   |   |- Guid:A3404FDC4D619E61A6651F895F30F9AC BaseClass: NativeClass:/Script/Landscape.LandscapeStreamingProxy Name:LandscapeStreamingProxy_CF1B5M8438XNP34JYPL3TLY4B_126_1_3_0 Label:LandscapeStreamingProxy_1_3_0 SpatiallyLoaded:1 Bounds:IsValid=true, Min=(X=-12600.000 Y=12600.000 Z=0.000), Max=(X=0.000 Y=25200.000 Z=200.000) RuntimeGrid:None EditorOnly:0 RuntimeOnly:0 HLODRelevant:1 ListedInSceneOutliner:1 IsMainWorldOnly:0
 |   |   |- Guid:A354B1B24E617A525DC6B48CCDE2417E BaseClass: NativeClass:/Script/Engine.PlayerStart Name:PlayerStart_0 Label:PlayerStart SpatiallyLoaded:0 Bounds:IsValid=true, Min=(X=860.000 Y=810.000 Z=140.013), Max=(X=940.000 Y=890.000 Z=324.013) RuntimeGrid:None EditorOnly:0 RuntimeOnly:0 HLODRelevant:0 ListedInSceneOutliner:1 IsMainWorldOnly:0
 |   |   |- Guid:A9A3337742E29BDCB2FE268F4651386C BaseClass: NativeClass:/Script/Landscape.LandscapeStreamingProxy Name:LandscapeStreamingProxy_7VV2DMWM6ETQAEQ4QZQ4S3WH5_126_0_0_0 Label:LandscapeStreamingProxy_0_0_0 SpatiallyLoaded:1 Bounds:IsValid=true, Min=(X=-25200.000 Y=-25200.000 Z=100.000), Max=(X=-12600.000 Y=-12600.000 Z=6117.188) RuntimeGrid:None EditorOnly:0 RuntimeOnly:0 HLODRelevant:1 ListedInSceneOutliner:1 IsMainWorldOnly:0
 |   |   |- Guid:ABBB8D1D42518F3BCE26B0B0E01694ED BaseClass: NativeClass:/Script/Landscape.LandscapeStreamingProxy Name:LandscapeStreamingProxy_7VV2DMWM6ETQAEQ4QZQ4S3WH5_126_3_3_0 Label:LandscapeStreamingProxy_3_3_0 SpatiallyLoaded:1 Bounds:IsValid=true, Min=(X=12600.000 Y=12600.000 Z=0.000), Max=(X=25200.000 Y=25200.000 Z=6285.156) RuntimeGrid:None EditorOnly:0 RuntimeOnly:0 HLODRelevant:1 ListedInSceneOutliner:1 IsMainWorldOnly:0
 |   |   |- Guid:BBA1CDC145F8101B380D0C97FBE1E998 BaseClass: NativeClass:/Script/Landscape.LandscapeStreamingProxy Name:LandscapeStreamingProxy_7VV2DMWM6ETQAEQ4QZQ4S3WH5_126_3_2_0 Label:LandscapeStreamingProxy_3_2_0 SpatiallyLoaded:1 Bounds:IsValid=true, Min=(X=12600.000 Y=0.000 Z=0.000), Max=(X=25200.000 Y=12600.000 Z=5656.250) RuntimeGrid:None EditorOnly:0 RuntimeOnly:0 HLODRelevant:1 ListedInSceneOutliner:1 IsMainWorldOnly:0
 |   |   |- Guid:C0C56B9644AE3D40CAFF6A878DB29844 BaseClass: NativeClass:/Script/Engine.StaticMeshActor Name:StaticMeshActor_UAID_A4AE111137DC5EFB00_2001720423 Label:SM_SkySphere SpatiallyLoaded:0 Bounds:IsValid=true, Min=(X=-1638400.000 Y=-1638400.000 Z=-1638400.000), Max=(X=1638400.000 Y=1638400.000 Z=1638400.000) RuntimeGrid:None EditorOnly:0 RuntimeOnly:0 HLODRelevant:0 ListedInSceneOutliner:1 IsMainWorldOnly:0 FolderPath:Lighting FolderGuid:0BA5F0A04EADB18E70D5B180D08FA34B
 |   |   |- Guid:C22CE07C4B87D685137FDBBC10FC92C6 BaseClass: NativeClass:/Script/Engine.SkyAtmosphere Name:SkyAtmosphere_0 Label:SkyAtmosphere SpatiallyLoaded:0 Bounds:IsValid=true, Min=(X=0.000 Y=0.000 Z=1020.000), Max=(X=0.000 Y=0.000 Z=1020.000) RuntimeGrid:None EditorOnly:0 RuntimeOnly:0 HLODRelevant:0 ListedInSceneOutliner:1 IsMainWorldOnly:0 FolderPath:Lighting FolderGuid:0BA5F0A04EADB18E70D5B180D08FA34B
 |   |   |- Guid:C2D00138480617367C264FA5926A603E BaseClass: NativeClass:/Script/Landscape.LandscapeStreamingProxy Name:LandscapeStreamingProxy_7VV2DMWM6ETQAEQ4QZQ4S3WH5_126_3_1_0 Label:LandscapeStreamingProxy_3_1_0 SpatiallyLoaded:1 Bounds:IsValid=true, Min=(X=12600.000 Y=-12600.000 Z=0.000), Max=(X=25200.000 Y=0.000 Z=4703.125) RuntimeGrid:None EditorOnly:0 RuntimeOnly:0 HLODRelevant:1 ListedInSceneOutliner:1 IsMainWorldOnly:0
 |   |   |- Guid:C5A188E04628B1D3FC3D2DA31F03D0F7 BaseClass: NativeClass:/Script/Landscape.LandscapeStreamingProxy Name:LandscapeStreamingProxy_CF1B5M8438XNP34JYPL3TLY4B_126_2_2_0 Label:LandscapeStreamingProxy_2_2_0 SpatiallyLoaded:1 Bounds:IsValid=true, Min=(X=0.000 Y=0.000 Z=0.000), Max=(X=12600.000 Y=12600.000 Z=200.000) RuntimeGrid:None EditorOnly:0 RuntimeOnly:0 HLODRelevant:1 ListedInSceneOutliner:1 IsMainWorldOnly:0
 |   |   |- Guid:CC72DDA2410273A35375B0891640CA2C BaseClass: NativeClass:/Script/Landscape.LandscapeStreamingProxy Name:LandscapeStreamingProxy_CF1B5M8438XNP34JYPL3TLY4B_126_0_2_0 Label:LandscapeStreamingProxy_0_2_0 SpatiallyLoaded:1 Bounds:IsValid=true, Min=(X=-25200.000 Y=0.000 Z=0.000), Max=(X=-12600.000 Y=12600.000 Z=200.000) RuntimeGrid:None EditorOnly:0 RuntimeOnly:0 HLODRelevant:1 ListedInSceneOutliner:1 IsMainWorldOnly:0
 |   |   |- Guid:CE8D82634660FCDB3120E2B8D547C533 BaseClass: NativeClass:/Script/Engine.PostProcessVolume Name:PostProcessVolume_0 Label:PostProcessVolume SpatiallyLoaded:0 Bounds:IsValid=true, Min=(X=0.000 Y=0.000 Z=400.000), Max=(X=200.000 Y=200.000 Z=600.000) RuntimeGrid:None EditorOnly:0 RuntimeOnly:0 HLODRelevant:0 ListedInSceneOutliner:1 IsMainWorldOnly:0 FolderPath:Lighting FolderGuid:0BA5F0A04EADB18E70D5B180D08FA34B
 |   |   |- Guid:D33B9B54412450A6339BE996909E5D1A BaseClass: NativeClass:/Script/Landscape.LandscapeStreamingProxy Name:LandscapeStreamingProxy_7VV2DMWM6ETQAEQ4QZQ4S3WH5_126_0_2_0 Label:LandscapeStreamingProxy_0_2_0 SpatiallyLoaded:1 Bounds:IsValid=true, Min=(X=-25200.000 Y=0.000 Z=0.000), Max=(X=-12600.000 Y=12600.000 Z=3665.625) RuntimeGrid:None EditorOnly:0 RuntimeOnly:0 HLODRelevant:1 ListedInSceneOutliner:1 IsMainWorldOnly:0
 |   |   |- Guid:D54FBE734662065B44422587D5FD250D BaseClass: NativeClass:/Script/Landscape.LandscapeStreamingProxy Name:LandscapeStreamingProxy_CF1B5M8438XNP34JYPL3TLY4B_126_3_1_0 Label:LandscapeStreamingProxy_3_1_0 SpatiallyLoaded:1 Bounds:IsValid=true, Min=(X=12600.000 Y=-12600.000 Z=0.000), Max=(X=25200.000 Y=0.000 Z=200.000) RuntimeGrid:None EditorOnly:0 RuntimeOnly:0 HLODRelevant:1 ListedInSceneOutliner:1 IsMainWorldOnly:0
 |   |   |- Guid:D5C0A14E4B3951E4D2C26DA9330CD614 BaseClass: NativeClass:/Script/Landscape.LandscapeStreamingProxy Name:LandscapeStreamingProxy_CF1B5M8438XNP34JYPL3TLY4B_126_1_2_0 Label:LandscapeStreamingProxy_1_2_0 SpatiallyLoaded:1 Bounds:IsValid=true, Min=(X=-12600.000 Y=0.000 Z=0.000), Max=(X=0.000 Y=12600.000 Z=200.000) RuntimeGrid:None EditorOnly:0 RuntimeOnly:0 HLODRelevant:1 ListedInSceneOutliner:1 IsMainWorldOnly:0
 |   |   |- Guid:D72263A9478E1048F94B82909DBA37F5 BaseClass: NativeClass:/Script/Landscape.LandscapeStreamingProxy Name:LandscapeStreamingProxy_7VV2DMWM6ETQAEQ4QZQ4S3WH5_126_1_3_0 Label:LandscapeStreamingProxy_1_3_0 SpatiallyLoaded:1 Bounds:IsValid=true, Min=(X=-12600.000 Y=12600.000 Z=0.000), Max=(X=0.000 Y=25200.000 Z=5344.531) RuntimeGrid:None EditorOnly:0 RuntimeOnly:0 HLODRelevant:1 ListedInSceneOutliner:1 IsMainWorldOnly:0
 |   |   |- Guid:E21A3A6E43B9EC7912CB8F821C324D34 BaseClass: NativeClass:/Script/Landscape.LandscapeStreamingProxy Name:LandscapeStreamingProxy_CF1B5M8438XNP34JYPL3TLY4B_126_3_3_0 Label:LandscapeStreamingProxy_3_3_0 SpatiallyLoaded:1 Bounds:IsValid=true, Min=(X=12600.000 Y=12600.000 Z=0.000), Max=(X=25200.000 Y=25200.000 Z=200.000) RuntimeGrid:None EditorOnly:0 RuntimeOnly:0 HLODRelevant:1 ListedInSceneOutliner:1 IsMainWorldOnly:0
 |   |   |- Guid:E3B642C44F0C68DDD73A1A914AF8A3F1 BaseClass: NativeClass:/Script/Engine.TextRenderActor Name:TextRenderActor_UAID_00D861A27B69185002_1925145205 Label:TextRenderActor SpatiallyLoaded:1 Bounds:IsValid=true, Min=(X=1849.785 Y=790.000 Z=210.000), Max=(X=1880.000 Y=961.357 Z=236.000) RuntimeGrid:None EditorOnly:0 RuntimeOnly:0 HLODRelevant:0 ListedInSceneOutliner:1 IsMainWorldOnly:0
 |   |   |- Guid:E45A61634FE75ECFE480358319BC984F BaseClass: NativeClass:/Script/Landscape.Landscape Name:Landscape_UAID_A036BC2AEF54D84E02_1332288880 Label:Landscape2 SpatiallyLoaded:0 Bounds:IsValid=true, Min=(X=-25200.000 Y=-25200.000 Z=100.000), Max=(X=-25200.000 Y=-25200.000 Z=100.000) RuntimeGrid:None EditorOnly:0 RuntimeOnly:0 HLODRelevant:0 ListedInSceneOutliner:1 IsMainWorldOnly:0
 |   |   |- Guid:E5320C1B4FD9764CE7B54D8487AEC613 BaseClass: NativeClass:/Script/Engine.SkyLight Name:SkyLight_0 Label:SkyLight SpatiallyLoaded:0 Bounds:IsValid=true, Min=(X=0.000 Y=0.000 Z=690.000), Max=(X=0.000 Y=0.000 Z=690.000) RuntimeGrid:None EditorOnly:0 RuntimeOnly:0 HLODRelevant:0 ListedInSceneOutliner:1 IsMainWorldOnly:0 FolderPath:Lighting FolderGuid:0BA5F0A04EADB18E70D5B180D08FA34B
 |   |   |- Guid:E65027AE426D569FC066F08CCE35E1D8 BaseClass: NativeClass:/Script/Landscape.LandscapeStreamingProxy Name:LandscapeStreamingProxy_CF1B5M8438XNP34JYPL3TLY4B_126_0_3_0 Label:LandscapeStreamingProxy_0_3_0 SpatiallyLoaded:1 Bounds:IsValid=true, Min=(X=-25200.000 Y=12600.000 Z=0.000), Max=(X=-12600.000 Y=25200.000 Z=200.000) RuntimeGrid:None EditorOnly:0 RuntimeOnly:0 HLODRelevant:1 ListedInSceneOutliner:1 IsMainWorldOnly:0
 |   |   |- Guid:EAD203174645E10120708EBD1D5FED28 BaseClass: NativeClass:/Script/Landscape.LandscapeStreamingProxy Name:LandscapeStreamingProxy_CF1B5M8438XNP34JYPL3TLY4B_126_3_0_0 Label:LandscapeStreamingProxy_3_0_0 SpatiallyLoaded:1 Bounds:IsValid=true, Min=(X=12600.000 Y=-25200.000 Z=0.000), Max=(X=25200.000 Y=-12600.000 Z=200.000) RuntimeGrid:None EditorOnly:0 RuntimeOnly:0 HLODRelevant:1 ListedInSceneOutliner:1 IsMainWorldOnly:0
 |   |   |- Guid:ED07B20143FC865E0B9A6C90D30A294C BaseClass: NativeClass:/Script/Landscape.LandscapeStreamingProxy Name:LandscapeStreamingProxy_CF1B5M8438XNP34JYPL3TLY4B_126_2_3_0 Label:LandscapeStreamingProxy_2_3_0 SpatiallyLoaded:1 Bounds:IsValid=true, Min=(X=0.000 Y=12600.000 Z=0.000), Max=(X=12600.000 Y=25200.000 Z=200.000) RuntimeGrid:None EditorOnly:0 RuntimeOnly:0 HLODRelevant:1 ListedInSceneOutliner:1 IsMainWorldOnly:0
 |   |   |- Guid:F80621C9446867154938FE81375207DA BaseClass: NativeClass:/Script/Engine.DirectionalLight Name:DirectionalLight_1 Label:DirectionalLight SpatiallyLoaded:0 Bounds:Invalid RuntimeGrid:None EditorOnly:0 RuntimeOnly:0 HLODRelevant:0 ListedInSceneOutliner:1 IsMainWorldOnly:0 FolderPath:Lighting FolderGuid:0BA5F0A04EADB18E70D5B180D08FA34B
 |   |   |- Guid:F989C23E4CA07AA84C0AC19E063B7F6D BaseClass: NativeClass:/Script/Landscape.LandscapeStreamingProxy Name:LandscapeStreamingProxy_CF1B5M8438XNP34JYPL3TLY4B_126_0_0_0 Label:LandscapeStreamingProxy_0_0_0 SpatiallyLoaded:1 Bounds:IsValid=true, Min=(X=-25200.000 Y=-25200.000 Z=0.000), Max=(X=-12600.000 Y=-12600.000 Z=200.000) RuntimeGrid:None EditorOnly:0 RuntimeOnly:0 HLODRelevant:1 ListedInSceneOutliner:1 IsMainWorldOnly:0
 |   |- [+] Clusters:
 |   |   |- [+] [  0]
 |   |   |   |- Guid:0011904544CBAD9E2941008E3301AA45 BaseClass:/Game/MyContent/Levels/Level1/ObjetFlasheurInvincible/BP_ObjetFlasheur.BP_ObjetFlasheur_C NativeClass:/Script/Engine.Actor Name:BP_ObjetFlasheur_C_UAID_00D861A27B69105002_1710172791 Label:BP_ObjetFlasheur SpatiallyLoaded:1 Bounds:IsValid=true, Min=(X=1830.210 Y=801.077 Z=62.735), Max=(X=1989.790 Y=958.923 Z=197.265) RuntimeGrid:None EditorOnly:0 RuntimeOnly:0 HLODRelevant:0 ListedInSceneOutliner:1 IsMainWorldOnly:0
 |   |   |- [+] [  1]
 |   |   |   |- Guid:014EFAEE4BAF99CB273B45B5CAAED99A BaseClass: NativeClass:/Script/Landscape.LandscapeStreamingProxy Name:LandscapeStreamingProxy_7VV2DMWM6ETQAEQ4QZQ4S3WH5_126_1_1_0 Label:LandscapeStreamingProxy_1_1_0 SpatiallyLoaded:1 Bounds:IsValid=true, Min=(X=-12600.000 Y=-12600.000 Z=0.000), Max=(X=0.000 Y=0.000 Z=200.000) RuntimeGrid:None EditorOnly:0 RuntimeOnly:0 HLODRelevant:1 ListedInSceneOutliner:1 IsMainWorldOnly:0
 |   |   |- [+] [  2]
 |   |   |   |- Guid:0B4B2FAD4DC7A3CF9581F487D3921C00 BaseClass: NativeClass:/Script/Landscape.LandscapeStreamingProxy Name:LandscapeStreamingProxy_7VV2DMWM6ETQAEQ4QZQ4S3WH5_126_0_1_0 Label:LandscapeStreamingProxy_0_1_0 SpatiallyLoaded:1 Bounds:IsValid=true, Min=(X=-25200.000 Y=-12600.000 Z=0.000), Max=(X=-12600.000 Y=0.000 Z=3564.844) RuntimeGrid:None EditorOnly:0 RuntimeOnly:0 HLODRelevant:1 ListedInSceneOutliner:1 IsMainWorldOnly:0
 |   |   |- [+] [  3]
 |   |   |   |- Guid:0ED04F62414BC183C994208E7D30FB75 BaseClass: NativeClass:/Script/Landscape.LandscapeStreamingProxy Name:LandscapeStreamingProxy_CF1B5M8438XNP34JYPL3TLY4B_126_1_0_0 Label:LandscapeStreamingProxy_1_0_0 SpatiallyLoaded:1 Bounds:IsValid=true, Min=(X=-12600.000 Y=-25200.000 Z=0.000), Max=(X=0.000 Y=-12600.000 Z=200.000) RuntimeGrid:None EditorOnly:0 RuntimeOnly:0 HLODRelevant:1 ListedInSceneOutliner:1 IsMainWorldOnly:0
 |   |   |- [+] [  4]
 |   |   |   |- Guid:2D1F609A45CD6389FE178BA88B7D65AE BaseClass: NativeClass:/Script/Landscape.LandscapeStreamingProxy Name:LandscapeStreamingProxy_7VV2DMWM6ETQAEQ4QZQ4S3WH5_126_2_0_0 Label:LandscapeStreamingProxy_2_0_0 SpatiallyLoaded:1 Bounds:IsValid=true, Min=(X=0.000 Y=-25200.000 Z=0.000), Max=(X=12600.000 Y=-12600.000 Z=4822.656) RuntimeGrid:None EditorOnly:0 RuntimeOnly:0 HLODRelevant:1 ListedInSceneOutliner:1 IsMainWorldOnly:0
 |   |   |- [+] [  5]
 |   |   |   |- Guid:32EE39674DB8984988A39EB22C1AB976 BaseClass: NativeClass:/Script/CinematicCamera.CineCameraActor Name:CineCameraActor_UAID_00D861A27B69195002_1306838383 Label:CineCameraActor SpatiallyLoaded:0 Bounds:IsValid=true, Min=(X=207.495 Y=850.000 Z=232.000), Max=(X=207.495 Y=850.000 Z=232.000) RuntimeGrid:None EditorOnly:0 RuntimeOnly:0 HLODRelevant:0 ListedInSceneOutliner:1 IsMainWorldOnly:0
 |   |   |- [+] [  6]
 |   |   |   |- Guid:3A6BA59643DA9664370693B36EE33468 BaseClass: NativeClass:/Script/Landscape.LandscapeStreamingProxy Name:LandscapeStreamingProxy_7VV2DMWM6ETQAEQ4QZQ4S3WH5_126_1_2_0 Label:LandscapeStreamingProxy_1_2_0 SpatiallyLoaded:1 Bounds:IsValid=true, Min=(X=-12600.000 Y=0.000 Z=0.000), Max=(X=0.000 Y=12600.000 Z=200.000) RuntimeGrid:None EditorOnly:0 RuntimeOnly:0 HLODRelevant:1 ListedInSceneOutliner:1 IsMainWorldOnly:0
 |   |   |- [+] [  7]
 |   |   |   |- Guid:3D07FF014263BE6292C852A77633C506 BaseClass:/Game/MyContent/Levels/Level1/Ennemies/BP_Ennemie.BP_Ennemie_C NativeClass:/Script/Engine.Character Name:BP_Ennemie_C_UAID_00D861A27B69165002_1249198848 Label:BP_Ennemie SpatiallyLoaded:1 Bounds:IsValid=true, Min=(X=2740.612 Y=1558.489 Z=100.000), Max=(X=2822.707 Y=1708.498 Z=313.625) RuntimeGrid:None EditorOnly:0 RuntimeOnly:0 HLODRelevant:0 ListedInSceneOutliner:1 IsMainWorldOnly:0
 |   |   |- [+] [  8]
 |   |   |   |- Guid:3E41FFCF4292747CEBAA01B9BF78E899 BaseClass: NativeClass:/Script/Landscape.LandscapeStreamingProxy Name:LandscapeStreamingProxy_CF1B5M8438XNP34JYPL3TLY4B_126_1_1_0 Label:LandscapeStreamingProxy_1_1_0 SpatiallyLoaded:1 Bounds:IsValid=true, Min=(X=-12600.000 Y=-12600.000 Z=0.000), Max=(X=0.000 Y=0.000 Z=200.000) RuntimeGrid:None EditorOnly:0 RuntimeOnly:0 HLODRelevant:1 ListedInSceneOutliner:1 IsMainWorldOnly:0
 |   |   |- [+] [  9]
 |   |   |   |- Guid:3ED9025D4137593BB96780A227EAE14C BaseClass: NativeClass:/Script/Landscape.LandscapeStreamingProxy Name:LandscapeStreamingProxy_7VV2DMWM6ETQAEQ4QZQ4S3WH5_126_1_0_0 Label:LandscapeStreamingProxy_1_0_0 SpatiallyLoaded:1 Bounds:IsValid=true, Min=(X=-12600.000 Y=-25200.000 Z=0.000), Max=(X=0.000 Y=-12600.000 Z=5283.594) RuntimeGrid:None EditorOnly:0 RuntimeOnly:0 HLODRelevant:1 ListedInSceneOutliner:1 IsMainWorldOnly:0
 |   |   |- [+] [ 10]
 |   |   |   |- Guid:41B0310D430E19AB647FACAE93C8A37B BaseClass: NativeClass:/Script/Landscape.LandscapeStreamingProxy Name:LandscapeStreamingProxy_7VV2DMWM6ETQAEQ4QZQ4S3WH5_126_2_1_0 Label:LandscapeStreamingProxy_2_1_0 SpatiallyLoaded:1 Bounds:IsValid=true, Min=(X=0.000 Y=-12600.000 Z=0.000), Max=(X=12600.000 Y=0.000 Z=200.000) RuntimeGrid:None EditorOnly:0 RuntimeOnly:0 HLODRelevant:1 ListedInSceneOutliner:1 IsMainWorldOnly:0
 |   |   |- [+] [ 11]
 |   |   |   |- Guid:59D94880447D731B79326AB7405CCC91 BaseClass: NativeClass:/Script/Landscape.LandscapeStreamingProxy Name:LandscapeStreamingProxy_CF1B5M8438XNP34JYPL3TLY4B_126_2_1_0 Label:LandscapeStreamingProxy_2_1_0 SpatiallyLoaded:1 Bounds:IsValid=true, Min=(X=0.000 Y=-12600.000 Z=0.000), Max=(X=12600.000 Y=0.000 Z=200.000) RuntimeGrid:None EditorOnly:0 RuntimeOnly:0 HLODRelevant:1 ListedInSceneOutliner:1 IsMainWorldOnly:0
 |   |   |- [+] [ 12]
 |   |   |   |- Guid:5E365CED42758FD101B062A399D7F365 BaseClass: NativeClass:/Script/Landscape.LandscapeStreamingProxy Name:LandscapeStreamingProxy_CF1B5M8438XNP34JYPL3TLY4B_126_0_1_0 Label:LandscapeStreamingProxy_0_1_0 SpatiallyLoaded:1 Bounds:IsValid=true, Min=(X=-25200.000 Y=-12600.000 Z=0.000), Max=(X=-12600.000 Y=0.000 Z=200.000) RuntimeGrid:None EditorOnly:0 RuntimeOnly:0 HLODRelevant:1 ListedInSceneOutliner:1 IsMainWorldOnly:0
 |   |   |- [+] [ 13]
 |   |   |   |- Guid:5F5F61E8485626C2E11444A275E53585 BaseClass: NativeClass:/Script/Engine.StaticMeshActor Name:StaticMeshActor_6 Label:SM_Ramp2 SpatiallyLoaded:1 Bounds:IsValid=true, Min=(X=1945.000 Y=400.000 Z=0.000), Max=(X=2345.000 Y=600.000 Z=100.000) RuntimeGrid:None EditorOnly:0 RuntimeOnly:0 HLODRelevant:1 ListedInSceneOutliner:1 IsMainWorldOnly:0 FolderPath:Block01 FolderGuid:5710F1034B6DC7FBD588718E283EB93C
 |   |   |- [+] [ 14]
 |   |   |   |- Guid:5FE7584649BB6F09265329A6C57CFD0D BaseClass: NativeClass:/Script/Engine.VolumetricCloud Name:VolumetricCloud_0 Label:VolumetricCloud SpatiallyLoaded:0 Bounds:IsValid=true, Min=(X=0.000 Y=0.000 Z=820.000), Max=(X=0.000 Y=0.000 Z=820.000) RuntimeGrid:None EditorOnly:0 RuntimeOnly:0 HLODRelevant:0 ListedInSceneOutliner:1 IsMainWorldOnly:0 FolderPath:Lighting FolderGuid:0BA5F0A04EADB18E70D5B180D08FA34B
 |   |   |- [+] [ 15]
 |   |   |   |- Guid:61391D344900612A77DFC3BA3E354907 BaseClass: NativeClass:/Script/Engine.ExponentialHeightFog Name:ExponentialHeightFog_0 Label:ExponentialHeightFog SpatiallyLoaded:0 Bounds:IsValid=true, Min=(X=-5600.000 Y=-50.000 Z=-6850.000), Max=(X=-5600.000 Y=-50.000 Z=-6850.000) RuntimeGrid:None EditorOnly:0 RuntimeOnly:0 HLODRelevant:0 ListedInSceneOutliner:1 IsMainWorldOnly:0 FolderPath:Lighting FolderGuid:0BA5F0A04EADB18E70D5B180D08FA34B
 |   |   |- [+] [ 16]
 |   |   |   |- Guid:65CF4A7849FAD94830242382A996CCD0 BaseClass: NativeClass:/Script/Landscape.LandscapeStreamingProxy Name:LandscapeStreamingProxy_7VV2DMWM6ETQAEQ4QZQ4S3WH5_126_2_3_0 Label:LandscapeStreamingProxy_2_3_0 SpatiallyLoaded:1 Bounds:IsValid=true, Min=(X=0.000 Y=12600.000 Z=0.000), Max=(X=12600.000 Y=25200.000 Z=6138.281) RuntimeGrid:None EditorOnly:0 RuntimeOnly:0 HLODRelevant:1 ListedInSceneOutliner:1 IsMainWorldOnly:0
 |   |   |- [+] [ 17]
 |   |   |   |- Guid:6FEFB3BD4EB37B849EF0D4AC80F83855 BaseClass: NativeClass:/Script/Engine.WorldDataLayers Name:WorldDataLayers Label:WorldDataLayers SpatiallyLoaded:0 Bounds:Invalid RuntimeGrid:None EditorOnly:0 RuntimeOnly:0 HLODRelevant:0 ListedInSceneOutliner:1 IsMainWorldOnly:1
 |   |   |- [+] [ 18]
 |   |   |   |- Guid:73DA7B174BEF3A3568051A8A63514FBC BaseClass: NativeClass:/Script/Landscape.LandscapeStreamingProxy Name:LandscapeStreamingProxy_CF1B5M8438XNP34JYPL3TLY4B_126_2_0_0 Label:LandscapeStreamingProxy_2_0_0 SpatiallyLoaded:1 Bounds:IsValid=true, Min=(X=0.000 Y=-25200.000 Z=0.000), Max=(X=12600.000 Y=-12600.000 Z=200.000) RuntimeGrid:None EditorOnly:0 RuntimeOnly:0 HLODRelevant:1 ListedInSceneOutliner:1 IsMainWorldOnly:0
 |   |   |- [+] [ 19]
 |   |   |   |- Guid:78CAF7514C7533F30BD2F19A017AAB65 BaseClass: NativeClass:/Script/Engine.StaticMeshActor Name:StaticMeshActor_0 Label:SM_Cube SpatiallyLoaded:1 Bounds:IsValid=true, Min=(X=0.000 Y=0.000 Z=-50.000), Max=(X=3000.000 Y=3500.000 Z=0.000) RuntimeGrid:None EditorOnly:0 RuntimeOnly:0 HLODRelevant:1 ListedInSceneOutliner:1 IsMainWorldOnly:0 FolderPath:Playground FolderGuid:6C02BB504B69D1F3D7A624B130C18E5B
 |   |   |- [+] [ 20]
 |   |   |   |- Guid:831DC1F5402550D1E8AE6ABB00366BA6 BaseClass: NativeClass:/Script/Landscape.LandscapeStreamingProxy Name:LandscapeStreamingProxy_7VV2DMWM6ETQAEQ4QZQ4S3WH5_126_3_0_0 Label:LandscapeStreamingProxy_3_0_0 SpatiallyLoaded:1 Bounds:IsValid=true, Min=(X=12600.000 Y=-25200.000 Z=0.000), Max=(X=25200.000 Y=-12600.000 Z=5445.312) RuntimeGrid:None EditorOnly:0 RuntimeOnly:0 HLODRelevant:1 ListedInSceneOutliner:1 IsMainWorldOnly:0
 |   |   |- [+] [ 21]
 |   |   |   |- Guid:866F9F0C4C8374678B39A289B21E21B9 BaseClass: NativeClass:/Script/Landscape.LandscapeStreamingProxy Name:LandscapeStreamingProxy_CF1B5M8438XNP34JYPL3TLY4B_126_3_2_0 Label:LandscapeStreamingProxy_3_2_0 SpatiallyLoaded:1 Bounds:IsValid=true, Min=(X=12600.000 Y=0.000 Z=0.000), Max=(X=25200.000 Y=12600.000 Z=200.000) RuntimeGrid:None EditorOnly:0 RuntimeOnly:0 HLODRelevant:1 ListedInSceneOutliner:1 IsMainWorldOnly:0
 |   |   |- [+] [ 22]
 |   |   |   |- Guid:86C39C6743366E70F79B33B0466B76AF BaseClass: NativeClass:/Script/LevelSequence.LevelSequenceActor Name:LevelSequenceActor_UAID_00D861A27B69195002_1379082384 Label:CinematiqueD?part SpatiallyLoaded:0 Bounds:IsValid=true, Min=(X=900.000 Y=850.000 Z=730.000), Max=(X=900.000 Y=850.000 Z=730.000) RuntimeGrid:None EditorOnly:0 RuntimeOnly:0 HLODRelevant:0 ListedInSceneOutliner:1 IsMainWorldOnly:0
 |   |   |- [+] [ 23]
 |   |   |   |- Guid:871C99FF4CA328F2AE0AA083E7F48D5B BaseClass:/Game/MyContent/CommonToLevels/BP_PistoletLaser.BP_PistoletLaser_C NativeClass:/Script/Engine.Actor Name:BP_PistoletLaser_C_UAID_00D861A27B691F5002_2048017432 Label:BP_PistoletLaser SpatiallyLoaded:1 Bounds:IsValid=true, Min=(X=1548.000 Y=558.000 Z=68.000), Max=(X=1612.000 Y=647.440 Z=132.000) RuntimeGrid:None EditorOnly:0 RuntimeOnly:0 HLODRelevant:0 ListedInSceneOutliner:1 IsMainWorldOnly:0
 |   |   |- [+] [ 24]
 |   |   |   |- Guid:93AFC2764D64D19FC396B58A838A8833 BaseClass: NativeClass:/Script/Landscape.Landscape Name:Landscape_UAID_A036BC2AEF54D84E02_1109580879 Label:Landscape SpatiallyLoaded:0 Bounds:IsValid=true, Min=(X=-25200.000 Y=-25200.000 Z=100.000), Max=(X=-25200.000 Y=-25200.000 Z=100.000) RuntimeGrid:None EditorOnly:0 RuntimeOnly:0 HLODRelevant:0 ListedInSceneOutliner:1 IsMainWorldOnly:0
 |   |   |- [+] [ 25]
 |   |   |   |- Guid:94A9ED3846EBA43C6C422BB659D2CD24 BaseClass: NativeClass:/Script/Landscape.LandscapeStreamingProxy Name:LandscapeStreamingProxy_7VV2DMWM6ETQAEQ4QZQ4S3WH5_126_0_3_0 Label:LandscapeStreamingProxy_0_3_0 SpatiallyLoaded:1 Bounds:IsValid=true, Min=(X=-25200.000 Y=12600.000 Z=100.000), Max=(X=-12600.000 Y=25200.000 Z=3728.125) RuntimeGrid:None EditorOnly:0 RuntimeOnly:0 HLODRelevant:1 ListedInSceneOutliner:1 IsMainWorldOnly:0
 |   |   |- [+] [ 26]
 |   |   |   |- Guid:9E36F3534D1325A4479B8387DA742545 BaseClass: NativeClass:/Script/Engine.TextRenderActor Name:TextRenderActor_UAID_00D861A27B69195002_1115915382 Label:TextRenderActor2 SpatiallyLoaded:1 Bounds:IsValid=true, Min=(X=1340.000 Y=820.000 Z=270.000), Max=(X=1340.000 Y=914.000 Z=296.000) RuntimeGrid:None EditorOnly:0 RuntimeOnly:0 HLODRelevant:0 ListedInSceneOutliner:1 IsMainWorldOnly:0
 |   |   |- [+] [ 27]
 |   |   |   |- Guid:A3404FDC4D619E61A6651F895F30F9AC BaseClass: NativeClass:/Script/Landscape.LandscapeStreamingProxy Name:LandscapeStreamingProxy_CF1B5M8438XNP34JYPL3TLY4B_126_1_3_0 Label:LandscapeStreamingProxy_1_3_0 SpatiallyLoaded:1 Bounds:IsValid=true, Min=(X=-12600.000 Y=12600.000 Z=0.000), Max=(X=0.000 Y=25200.000 Z=200.000) RuntimeGrid:None EditorOnly:0 RuntimeOnly:0 HLODRelevant:1 ListedInSceneOutliner:1 IsMainWorldOnly:0
 |   |   |- [+] [ 28]
 |   |   |   |- Guid:A354B1B24E617A525DC6B48CCDE2417E BaseClass: NativeClass:/Script/Engine.PlayerStart Name:PlayerStart_0 Label:PlayerStart SpatiallyLoaded:0 Bounds:IsValid=true, Min=(X=860.000 Y=810.000 Z=140.013), Max=(X=940.000 Y=890.000 Z=324.013) RuntimeGrid:None EditorOnly:0 RuntimeOnly:0 HLODRelevant:0 ListedInSceneOutliner:1 IsMainWorldOnly:0
 |   |   |- [+] [ 29]
 |   |   |   |- Guid:A9A3337742E29BDCB2FE268F4651386C BaseClass: NativeClass:/Script/Landscape.LandscapeStreamingProxy Name:LandscapeStreamingProxy_7VV2DMWM6ETQAEQ4QZQ4S3WH5_126_0_0_0 Label:LandscapeStreamingProxy_0_0_0 SpatiallyLoaded:1 Bounds:IsValid=true, Min=(X=-25200.000 Y=-25200.000 Z=100.000), Max=(X=-12600.000 Y=-12600.000 Z=6117.188) RuntimeGrid:None EditorOnly:0 RuntimeOnly:0 HLODRelevant:1 ListedInSceneOutliner:1 IsMainWorldOnly:0
 |   |   |- [+] [ 30]
 |   |   |   |- Guid:ABBB8D1D42518F3BCE26B0B0E01694ED BaseClass: NativeClass:/Script/Landscape.LandscapeStreamingProxy Name:LandscapeStreamingProxy_7VV2DMWM6ETQAEQ4QZQ4S3WH5_126_3_3_0 Label:LandscapeStreamingProxy_3_3_0 SpatiallyLoaded:1 Bounds:IsValid=true, Min=(X=12600.000 Y=12600.000 Z=0.000), Max=(X=25200.000 Y=25200.000 Z=6285.156) RuntimeGrid:None EditorOnly:0 RuntimeOnly:0 HLODRelevant:1 ListedInSceneOutliner:1 IsMainWorldOnly:0
 |   |   |- [+] [ 31]
 |   |   |   |- Guid:BBA1CDC145F8101B380D0C97FBE1E998 BaseClass: NativeClass:/Script/Landscape.LandscapeStreamingProxy Name:LandscapeStreamingProxy_7VV2DMWM6ETQAEQ4QZQ4S3WH5_126_3_2_0 Label:LandscapeStreamingProxy_3_2_0 SpatiallyLoaded:1 Bounds:IsValid=true, Min=(X=12600.000 Y=0.000 Z=0.000), Max=(X=25200.000 Y=12600.000 Z=5656.250) RuntimeGrid:None EditorOnly:0 RuntimeOnly:0 HLODRelevant:1 ListedInSceneOutliner:1 IsMainWorldOnly:0
 |   |   |- [+] [ 32]
 |   |   |   |- Guid:C0C56B9644AE3D40CAFF6A878DB29844 BaseClass: NativeClass:/Script/Engine.StaticMeshActor Name:StaticMeshActor_UAID_A4AE111137DC5EFB00_2001720423 Label:SM_SkySphere SpatiallyLoaded:0 Bounds:IsValid=true, Min=(X=-1638400.000 Y=-1638400.000 Z=-1638400.000), Max=(X=1638400.000 Y=1638400.000 Z=1638400.000) RuntimeGrid:None EditorOnly:0 RuntimeOnly:0 HLODRelevant:0 ListedInSceneOutliner:1 IsMainWorldOnly:0 FolderPath:Lighting FolderGuid:0BA5F0A04EADB18E70D5B180D08FA34B
 |   |   |- [+] [ 33]
 |   |   |   |- Guid:C22CE07C4B87D685137FDBBC10FC92C6 BaseClass: NativeClass:/Script/Engine.SkyAtmosphere Name:SkyAtmosphere_0 Label:SkyAtmosphere SpatiallyLoaded:0 Bounds:IsValid=true, Min=(X=0.000 Y=0.000 Z=1020.000), Max=(X=0.000 Y=0.000 Z=1020.000) RuntimeGrid:None EditorOnly:0 RuntimeOnly:0 HLODRelevant:0 ListedInSceneOutliner:1 IsMainWorldOnly:0 FolderPath:Lighting FolderGuid:0BA5F0A04EADB18E70D5B180D08FA34B
 |   |   |- [+] [ 34]
 |   |   |   |- Guid:C2D00138480617367C264FA5926A603E BaseClass: NativeClass:/Script/Landscape.LandscapeStreamingProxy Name:LandscapeStreamingProxy_7VV2DMWM6ETQAEQ4QZQ4S3WH5_126_3_1_0 Label:LandscapeStreamingProxy_3_1_0 SpatiallyLoaded:1 Bounds:IsValid=true, Min=(X=12600.000 Y=-12600.000 Z=0.000), Max=(X=25200.000 Y=0.000 Z=4703.125) RuntimeGrid:None EditorOnly:0 RuntimeOnly:0 HLODRelevant:1 ListedInSceneOutliner:1 IsMainWorldOnly:0
 |   |   |- [+] [ 35]
 |   |   |   |- Guid:C5A188E04628B1D3FC3D2DA31F03D0F7 BaseClass: NativeClass:/Script/Landscape.LandscapeStreamingProxy Name:LandscapeStreamingProxy_CF1B5M8438XNP34JYPL3TLY4B_126_2_2_0 Label:LandscapeStreamingProxy_2_2_0 SpatiallyLoaded:1 Bounds:IsValid=true, Min=(X=0.000 Y=0.000 Z=0.000), Max=(X=12600.000 Y=12600.000 Z=200.000) RuntimeGrid:None EditorOnly:0 RuntimeOnly:0 HLODRelevant:1 ListedInSceneOutliner:1 IsMainWorldOnly:0
 |   |   |- [+] [ 36]
 |   |   |   |- Guid:CC72DDA2410273A35375B0891640CA2C BaseClass: NativeClass:/Script/Landscape.LandscapeStreamingProxy Name:LandscapeStreamingProxy_CF1B5M8438XNP34JYPL3TLY4B_126_0_2_0 Label:LandscapeStreamingProxy_0_2_0 SpatiallyLoaded:1 Bounds:IsValid=true, Min=(X=-25200.000 Y=0.000 Z=0.000), Max=(X=-12600.000 Y=12600.000 Z=200.000) RuntimeGrid:None EditorOnly:0 RuntimeOnly:0 HLODRelevant:1 ListedInSceneOutliner:1 IsMainWorldOnly:0
 |   |   |- [+] [ 37]
 |   |   |   |- Guid:CE8D82634660FCDB3120E2B8D547C533 BaseClass: NativeClass:/Script/Engine.PostProcessVolume Name:PostProcessVolume_0 Label:PostProcessVolume SpatiallyLoaded:0 Bounds:IsValid=true, Min=(X=0.000 Y=0.000 Z=400.000), Max=(X=200.000 Y=200.000 Z=600.000) RuntimeGrid:None EditorOnly:0 RuntimeOnly:0 HLODRelevant:0 ListedInSceneOutliner:1 IsMainWorldOnly:0 FolderPath:Lighting FolderGuid:0BA5F0A04EADB18E70D5B180D08FA34B
 |   |   |- [+] [ 38]
 |   |   |   |- Guid:D33B9B54412450A6339BE996909E5D1A BaseClass: NativeClass:/Script/Landscape.LandscapeStreamingProxy Name:LandscapeStreamingProxy_7VV2DMWM6ETQAEQ4QZQ4S3WH5_126_0_2_0 Label:LandscapeStreamingProxy_0_2_0 SpatiallyLoaded:1 Bounds:IsValid=true, Min=(X=-25200.000 Y=0.000 Z=0.000), Max=(X=-12600.000 Y=12600.000 Z=3665.625) RuntimeGrid:None EditorOnly:0 RuntimeOnly:0 HLODRelevant:1 ListedInSceneOutliner:1 IsMainWorldOnly:0
 |   |   |- [+] [ 39]
 |   |   |   |- Guid:D54FBE734662065B44422587D5FD250D BaseClass: NativeClass:/Script/Landscape.LandscapeStreamingProxy Name:LandscapeStreamingProxy_CF1B5M8438XNP34JYPL3TLY4B_126_3_1_0 Label:LandscapeStreamingProxy_3_1_0 SpatiallyLoaded:1 Bounds:IsValid=true, Min=(X=12600.000 Y=-12600.000 Z=0.000), Max=(X=25200.000 Y=0.000 Z=200.000) RuntimeGrid:None EditorOnly:0 RuntimeOnly:0 HLODRelevant:1 ListedInSceneOutliner:1 IsMainWorldOnly:0
 |   |   |- [+] [ 40]
 |   |   |   |- Guid:D5C0A14E4B3951E4D2C26DA9330CD614 BaseClass: NativeClass:/Script/Landscape.LandscapeStreamingProxy Name:LandscapeStreamingProxy_CF1B5M8438XNP34JYPL3TLY4B_126_1_2_0 Label:LandscapeStreamingProxy_1_2_0 SpatiallyLoaded:1 Bounds:IsValid=true, Min=(X=-12600.000 Y=0.000 Z=0.000), Max=(X=0.000 Y=12600.000 Z=200.000) RuntimeGrid:None EditorOnly:0 RuntimeOnly:0 HLODRelevant:1 ListedInSceneOutliner:1 IsMainWorldOnly:0
 |   |   |- [+] [ 41]
 |   |   |   |- Guid:D72263A9478E1048F94B82909DBA37F5 BaseClass: NativeClass:/Script/Landscape.LandscapeStreamingProxy Name:LandscapeStreamingProxy_7VV2DMWM6ETQAEQ4QZQ4S3WH5_126_1_3_0 Label:LandscapeStreamingProxy_1_3_0 SpatiallyLoaded:1 Bounds:IsValid=true, Min=(X=-12600.000 Y=12600.000 Z=0.000), Max=(X=0.000 Y=25200.000 Z=5344.531) RuntimeGrid:None EditorOnly:0 RuntimeOnly:0 HLODRelevant:1 ListedInSceneOutliner:1 IsMainWorldOnly:0
 |   |   |- [+] [ 42]
 |   |   |   |- Guid:E21A3A6E43B9EC7912CB8F821C324D34 BaseClass: NativeClass:/Script/Landscape.LandscapeStreamingProxy Name:LandscapeStreamingProxy_CF1B5M8438XNP34JYPL3TLY4B_126_3_3_0 Label:LandscapeStreamingProxy_3_3_0 SpatiallyLoaded:1 Bounds:IsValid=true, Min=(X=12600.000 Y=12600.000 Z=0.000), Max=(X=25200.000 Y=25200.000 Z=200.000) RuntimeGrid:None EditorOnly:0 RuntimeOnly:0 HLODRelevant:1 ListedInSceneOutliner:1 IsMainWorldOnly:0
 |   |   |- [+] [ 43]
 |   |   |   |- Guid:E3B642C44F0C68DDD73A1A914AF8A3F1 BaseClass: NativeClass:/Script/Engine.TextRenderActor Name:TextRenderActor_UAID_00D861A27B69185002_1925145205 Label:TextRenderActor SpatiallyLoaded:1 Bounds:IsValid=true, Min=(X=1849.785 Y=790.000 Z=210.000), Max=(X=1880.000 Y=961.357 Z=236.000) RuntimeGrid:None EditorOnly:0 RuntimeOnly:0 HLODRelevant:0 ListedInSceneOutliner:1 IsMainWorldOnly:0
 |   |   |- [+] [ 44]
 |   |   |   |- Guid:E45A61634FE75ECFE480358319BC984F BaseClass: NativeClass:/Script/Landscape.Landscape Name:Landscape_UAID_A036BC2AEF54D84E02_1332288880 Label:Landscape2 SpatiallyLoaded:0 Bounds:IsValid=true, Min=(X=-25200.000 Y=-25200.000 Z=100.000), Max=(X=-25200.000 Y=-25200.000 Z=100.000) RuntimeGrid:None EditorOnly:0 RuntimeOnly:0 HLODRelevant:0 ListedInSceneOutliner:1 IsMainWorldOnly:0
 |   |   |- [+] [ 45]
 |   |   |   |- Guid:E5320C1B4FD9764CE7B54D8487AEC613 BaseClass: NativeClass:/Script/Engine.SkyLight Name:SkyLight_0 Label:SkyLight SpatiallyLoaded:0 Bounds:IsValid=true, Min=(X=0.000 Y=0.000 Z=690.000), Max=(X=0.000 Y=0.000 Z=690.000) RuntimeGrid:None EditorOnly:0 RuntimeOnly:0 HLODRelevant:0 ListedInSceneOutliner:1 IsMainWorldOnly:0 FolderPath:Lighting FolderGuid:0BA5F0A04EADB18E70D5B180D08FA34B
 |   |   |- [+] [ 46]
 |   |   |   |- Guid:E65027AE426D569FC066F08CCE35E1D8 BaseClass: NativeClass:/Script/Landscape.LandscapeStreamingProxy Name:LandscapeStreamingProxy_CF1B5M8438XNP34JYPL3TLY4B_126_0_3_0 Label:LandscapeStreamingProxy_0_3_0 SpatiallyLoaded:1 Bounds:IsValid=true, Min=(X=-25200.000 Y=12600.000 Z=0.000), Max=(X=-12600.000 Y=25200.000 Z=200.000) RuntimeGrid:None EditorOnly:0 RuntimeOnly:0 HLODRelevant:1 ListedInSceneOutliner:1 IsMainWorldOnly:0
 |   |   |- [+] [ 47]
 |   |   |   |- Guid:EAD203174645E10120708EBD1D5FED28 BaseClass: NativeClass:/Script/Landscape.LandscapeStreamingProxy Name:LandscapeStreamingProxy_CF1B5M8438XNP34JYPL3TLY4B_126_3_0_0 Label:LandscapeStreamingProxy_3_0_0 SpatiallyLoaded:1 Bounds:IsValid=true, Min=(X=12600.000 Y=-25200.000 Z=0.000), Max=(X=25200.000 Y=-12600.000 Z=200.000) RuntimeGrid:None EditorOnly:0 RuntimeOnly:0 HLODRelevant:1 ListedInSceneOutliner:1 IsMainWorldOnly:0
 |   |   |- [+] [ 48]
 |   |   |   |- Guid:ED07B20143FC865E0B9A6C90D30A294C BaseClass: NativeClass:/Script/Landscape.LandscapeStreamingProxy Name:LandscapeStreamingProxy_CF1B5M8438XNP34JYPL3TLY4B_126_2_3_0 Label:LandscapeStreamingProxy_2_3_0 SpatiallyLoaded:1 Bounds:IsValid=true, Min=(X=0.000 Y=12600.000 Z=0.000), Max=(X=12600.000 Y=25200.000 Z=200.000) RuntimeGrid:None EditorOnly:0 RuntimeOnly:0 HLODRelevant:1 ListedInSceneOutliner:1 IsMainWorldOnly:0
 |   |   |- [+] [ 49]
 |   |   |   |- Guid:F80621C9446867154938FE81375207DA BaseClass: NativeClass:/Script/Engine.DirectionalLight Name:DirectionalLight_1 Label:DirectionalLight SpatiallyLoaded:0 Bounds:Invalid RuntimeGrid:None EditorOnly:0 RuntimeOnly:0 HLODRelevant:0 ListedInSceneOutliner:1 IsMainWorldOnly:0 FolderPath:Lighting FolderGuid:0BA5F0A04EADB18E70D5B180D08FA34B
 |   |   |- [+] [ 50]
 |   |   |   |- Guid:F989C23E4CA07AA84C0AC19E063B7F6D BaseClass: NativeClass:/Script/Landscape.LandscapeStreamingProxy Name:LandscapeStreamingProxy_CF1B5M8438XNP34JYPL3TLY4B_126_0_0_0 Label:LandscapeStreamingProxy_0_0_0 SpatiallyLoaded:1 Bounds:IsValid=true, Min=(X=-25200.000 Y=-25200.000 Z=0.000), Max=(X=-12600.000 Y=-12600.000 Z=200.000) RuntimeGrid:None EditorOnly:0 RuntimeOnly:0 HLODRelevant:1 ListedInSceneOutliner:1 IsMainWorldOnly:0
 |- ContainerInstances:
 |- [+] MainContainer:
 |   |-        ID: 00000000000000000000000000000000
 |   |-  ParentID: 00000000000000000000000000000000
 |   |-    Bounds: IsValid=false, Min=(X=0.000 Y=0.000 Z=0.000), Max=(X=0.000 Y=0.000 Z=0.000)
 |   |- Transform: 0.000000,0.000000,0.000000|0.000000,0.000000,-0.000000|1.000000,1.000000,1.000000
 |   |- Container: /Game/MyContent/Levels/Level1/Level1
----------------------------------------------------------------------------------------------------------------
Level1 - Persistent Level
----------------------------------------------------------------------------------------------------------------
[+] Content of Level1 Persistent Level
 |- Always loaded Actor Count: 51 
 |- Actor Path: /Game/MyContent/Levels/Level1/Level1.Level1:PersistentLevel.BP_Ennemie_C_UAID_00D861A27B69165002_1249198848
 |- Actor Package: /Game/__ExternalActors__/MyContent/Levels/Level1/Level1/C/1Z/Q6EQE6C4POBETMOHVREV8K
 |- Actor Path: /Game/MyContent/Levels/Level1/Level1.Level1:PersistentLevel.BP_ObjetFlasheur_C_UAID_00D861A27B69105002_1710172791
 |- Actor Package: /Game/__ExternalActors__/MyContent/Levels/Level1/Level1/2/MF/3R82PHMDQM8067UR5JS5CI
 |- Actor Path: /Game/MyContent/Levels/Level1/Level1.Level1:PersistentLevel.BP_PistoletLaser_C_UAID_00D861A27B691F5002_2048017432
 |- Actor Package: /Game/__ExternalActors__/MyContent/Levels/Level1/Level1/A/AJ/50ZM837JYPKSQ0XHHHOUS9
 |- Actor Path: /Game/MyContent/Levels/Level1/Level1.Level1:PersistentLevel.CineCameraActor_UAID_00D861A27B69195002_1306838383
 |- Actor Package: /Game/__ExternalActors__/MyContent/Levels/Level1/Level1/D/6P/ET933ZP6PTPNI89FFHKOGE
 |- Actor Path: /Game/MyContent/Levels/Level1/Level1.Level1:PersistentLevel.DirectionalLight_1
 |- Actor Package: /Game/__ExternalActors__/MyContent/Levels/Level1/Level1/0/PR/FTRO08GN3XFH9HC93LJ5UB
 |- Actor Path: /Game/MyContent/Levels/Level1/Level1.Level1:PersistentLevel.ExponentialHeightFog_0
 |- Actor Package: /Game/__ExternalActors__/MyContent/Levels/Level1/Level1/E/8L/B95OUPNVDALN38S2W67G5G
 |- Actor Path: /Game/MyContent/Levels/Level1/Level1.Level1:PersistentLevel.Landscape_UAID_A036BC2AEF54D84E02_1109580879
 |- Actor Package: /Game/__ExternalActors__/MyContent/Levels/Level1/Level1/9/GL/D8741JU5RAEKZTHYYX1VV4
 |- Actor Path: /Game/MyContent/Levels/Level1/Level1.Level1:PersistentLevel.Landscape_UAID_A036BC2AEF54D84E02_1332288880
 |- Actor Package: /Game/__ExternalActors__/MyContent/Levels/Level1/Level1/9/DK/5XB38UH9K3ZOFUGUAYQ7YJ
 |- Actor Path: /Game/MyContent/Levels/Level1/Level1.Level1:PersistentLevel.LandscapeStreamingProxy_7VV2DMWM6ETQAEQ4QZQ4S3WH5_126_0_0_0
 |- Actor Package: /Game/__ExternalActors__/MyContent/Levels/Level1/Level1/4/KN/UISLWKAHFTMUNLET99J63E
 |- Actor Path: /Game/MyContent/Levels/Level1/Level1.Level1:PersistentLevel.LandscapeStreamingProxy_7VV2DMWM6ETQAEQ4QZQ4S3WH5_126_0_1_0
 |- Actor Package: /Game/__ExternalActors__/MyContent/Levels/Level1/Level1/6/P1/MVG0355DD98NBRX5Y4LKN6
 |- Actor Path: /Game/MyContent/Levels/Level1/Level1.Level1:PersistentLevel.LandscapeStreamingProxy_7VV2DMWM6ETQAEQ4QZQ4S3WH5_126_0_2_0
 |- Actor Package: /Game/__ExternalActors__/MyContent/Levels/Level1/Level1/8/GK/1TNXC28AXQCN4QPMSI999D
 |- Actor Path: /Game/MyContent/Levels/Level1/Level1.Level1:PersistentLevel.LandscapeStreamingProxy_7VV2DMWM6ETQAEQ4QZQ4S3WH5_126_0_3_0
 |- Actor Package: /Game/__ExternalActors__/MyContent/Levels/Level1/Level1/3/PG/XVHEEV0LOZH8CAQVONIH7J
 |- Actor Path: /Game/MyContent/Levels/Level1/Level1.Level1:PersistentLevel.LandscapeStreamingProxy_7VV2DMWM6ETQAEQ4QZQ4S3WH5_126_1_0_0
 |- Actor Package: /Game/__ExternalActors__/MyContent/Levels/Level1/Level1/0/EH/S84KZF369DV4UU26U27T3P
 |- Actor Path: /Game/MyContent/Levels/Level1/Level1.Level1:PersistentLevel.LandscapeStreamingProxy_7VV2DMWM6ETQAEQ4QZQ4S3WH5_126_1_1_0
 |- Actor Package: /Game/__ExternalActors__/MyContent/Levels/Level1/Level1/5/T9/SMY4764HMUC38F5NAG8EB0
 |- Actor Path: /Game/MyContent/Levels/Level1/Level1.Level1:PersistentLevel.LandscapeStreamingProxy_7VV2DMWM6ETQAEQ4QZQ4S3WH5_126_1_2_0
 |- Actor Package: /Game/__ExternalActors__/MyContent/Levels/Level1/Level1/B/Q5/MKC6XLL65A9SB1Y3QKB7FW
 |- Actor Path: /Game/MyContent/Levels/Level1/Level1.Level1:PersistentLevel.LandscapeStreamingProxy_7VV2DMWM6ETQAEQ4QZQ4S3WH5_126_1_3_0
 |- Actor Package: /Game/__ExternalActors__/MyContent/Levels/Level1/Level1/3/EQ/P09M10HTWS1Y74BOMXH4ED
 |- Actor Path: /Game/MyContent/Levels/Level1/Level1.Level1:PersistentLevel.LandscapeStreamingProxy_7VV2DMWM6ETQAEQ4QZQ4S3WH5_126_2_0_0
 |- Actor Package: /Game/__ExternalActors__/MyContent/Levels/Level1/Level1/2/J6/DVFY7MAAL1U4G6OQJXQKW5
 |- Actor Path: /Game/MyContent/Levels/Level1/Level1.Level1:PersistentLevel.LandscapeStreamingProxy_7VV2DMWM6ETQAEQ4QZQ4S3WH5_126_2_1_0
 |- Actor Package: /Game/__ExternalActors__/MyContent/Levels/Level1/Level1/A/KU/0VGID1JFHRKURI140RA8RS
 |- Actor Path: /Game/MyContent/Levels/Level1/Level1.Level1:PersistentLevel.LandscapeStreamingProxy_7VV2DMWM6ETQAEQ4QZQ4S3WH5_126_2_3_0
 |- Actor Package: /Game/__ExternalActors__/MyContent/Levels/Level1/Level1/3/YR/QQW49966Y327JE24H48BPK
 |- Actor Path: /Game/MyContent/Levels/Level1/Level1.Level1:PersistentLevel.LandscapeStreamingProxy_7VV2DMWM6ETQAEQ4QZQ4S3WH5_126_3_0_0
 |- Actor Package: /Game/__ExternalActors__/MyContent/Levels/Level1/Level1/9/KV/187CSOYZJSQFU89XDKNPV5
 |- Actor Path: /Game/MyContent/Levels/Level1/Level1.Level1:PersistentLevel.LandscapeStreamingProxy_7VV2DMWM6ETQAEQ4QZQ4S3WH5_126_3_1_0
 |- Actor Package: /Game/__ExternalActors__/MyContent/Levels/Level1/Level1/B/KK/RBVGV5EPIGA26AKJXOB7VW
 |- Actor Path: /Game/MyContent/Levels/Level1/Level1.Level1:PersistentLevel.LandscapeStreamingProxy_7VV2DMWM6ETQAEQ4QZQ4S3WH5_126_3_2_0
 |- Actor Package: /Game/__ExternalActors__/MyContent/Levels/Level1/Level1/A/CG/NPBMR9W4X6DF2M6ARRHSTV
 |- Actor Path: /Game/MyContent/Levels/Level1/Level1.Level1:PersistentLevel.LandscapeStreamingProxy_7VV2DMWM6ETQAEQ4QZQ4S3WH5_126_3_3_0
 |- Actor Package: /Game/__ExternalActors__/MyContent/Levels/Level1/Level1/3/P2/HQAT4Q0QRONX4GDU8K1JF3
 |- Actor Path: /Game/MyContent/Levels/Level1/Level1.Level1:PersistentLevel.LandscapeStreamingProxy_CF1B5M8438XNP34JYPL3TLY4B_126_0_0_0
 |- Actor Package: /Game/__ExternalActors__/MyContent/Levels/Level1/Level1/2/N8/LN3PI6OGYSOB0V99L1ZGPD
 |- Actor Path: /Game/MyContent/Levels/Level1/Level1.Level1:PersistentLevel.LandscapeStreamingProxy_CF1B5M8438XNP34JYPL3TLY4B_126_0_1_0
 |- Actor Package: /Game/__ExternalActors__/MyContent/Levels/Level1/Level1/9/EY/TYQMBPTSHQGPD804ZCZ6K3
 |- Actor Path: /Game/MyContent/Levels/Level1/Level1.Level1:PersistentLevel.LandscapeStreamingProxy_CF1B5M8438XNP34JYPL3TLY4B_126_0_2_0
 |- Actor Package: /Game/__ExternalActors__/MyContent/Levels/Level1/Level1/C/92/7OACBLE0KMFCVUPP9VM4VF
 |- Actor Path: /Game/MyContent/Levels/Level1/Level1.Level1:PersistentLevel.LandscapeStreamingProxy_CF1B5M8438XNP34JYPL3TLY4B_126_0_3_0
 |- Actor Package: /Game/__ExternalActors__/MyContent/Levels/Level1/Level1/6/4Y/08BE8I21ACVTFQLS7DG6JS
 |- Actor Path: /Game/MyContent/Levels/Level1/Level1.Level1:PersistentLevel.LandscapeStreamingProxy_CF1B5M8438XNP34JYPL3TLY4B_126_1_0_0
 |- Actor Package: /Game/__ExternalActors__/MyContent/Levels/Level1/Level1/7/27/IL2X3H6BEFXRQYRNDB04VR
 |- Actor Path: /Game/MyContent/Levels/Level1/Level1.Level1:PersistentLevel.LandscapeStreamingProxy_CF1B5M8438XNP34JYPL3TLY4B_126_1_1_0
 |- Actor Package: /Game/__ExternalActors__/MyContent/Levels/Level1/Level1/9/MX/49B2DWBU1ODFUOM8JA8343
 |- Actor Path: /Game/MyContent/Levels/Level1/Level1.Level1:PersistentLevel.LandscapeStreamingProxy_CF1B5M8438XNP34JYPL3TLY4B_126_1_2_0
 |- Actor Package: /Game/__ExternalActors__/MyContent/Levels/Level1/Level1/6/U2/HHSBMPU4DUI405B6R29ZEG
 |- Actor Path: /Game/MyContent/Levels/Level1/Level1.Level1:PersistentLevel.LandscapeStreamingProxy_CF1B5M8438XNP34JYPL3TLY4B_126_1_3_0
 |- Actor Package: /Game/__ExternalActors__/MyContent/Levels/Level1/Level1/C/VK/YWKFJTFDD9T8GBF6LTLB84
 |- Actor Path: /Game/MyContent/Levels/Level1/Level1.Level1:PersistentLevel.LandscapeStreamingProxy_CF1B5M8438XNP34JYPL3TLY4B_126_2_0_0
 |- Actor Package: /Game/__ExternalActors__/MyContent/Levels/Level1/Level1/9/FI/8JPU1DO6Q8SLKFR9K8P3QN
 |- Actor Path: /Game/MyContent/Levels/Level1/Level1.Level1:PersistentLevel.LandscapeStreamingProxy_CF1B5M8438XNP34JYPL3TLY4B_126_2_1_0
 |- Actor Package: /Game/__ExternalActors__/MyContent/Levels/Level1/Level1/6/N0/FXZVLKLOC1XONYXVEFCFD7
 |- Actor Path: /Game/MyContent/Levels/Level1/Level1.Level1:PersistentLevel.LandscapeStreamingProxy_CF1B5M8438XNP34JYPL3TLY4B_126_2_2_0
 |- Actor Package: /Game/__ExternalActors__/MyContent/Levels/Level1/Level1/6/4C/R7H7IBVNEB2HRZPRAHR927
 |- Actor Path: /Game/MyContent/Levels/Level1/Level1.Level1:PersistentLevel.LandscapeStreamingProxy_CF1B5M8438XNP34JYPL3TLY4B_126_2_3_0
 |- Actor Package: /Game/__ExternalActors__/MyContent/Levels/Level1/Level1/6/1W/H0TBKR151V6O5OTQQ99FJZ
 |- Actor Path: /Game/MyContent/Levels/Level1/Level1.Level1:PersistentLevel.LandscapeStreamingProxy_CF1B5M8438XNP34JYPL3TLY4B_126_3_0_0
 |- Actor Package: /Game/__ExternalActors__/MyContent/Levels/Level1/Level1/A/5G/0PSYNUYAFD5EO0ROXWL4RA
 |- Actor Path: /Game/MyContent/Levels/Level1/Level1.Level1:PersistentLevel.LandscapeStreamingProxy_CF1B5M8438XNP34JYPL3TLY4B_126_3_1_0
 |- Actor Package: /Game/__ExternalActors__/MyContent/Levels/Level1/Level1/A/BG/SWG8ATXA9A7BKR9U4AQHQD
 |- Actor Path: /Game/MyContent/Levels/Level1/Level1.Level1:PersistentLevel.LandscapeStreamingProxy_CF1B5M8438XNP34JYPL3TLY4B_126_3_2_0
 |- Actor Package: /Game/__ExternalActors__/MyContent/Levels/Level1/Level1/A/31/FITTOWP0MMN39PAQIGYWDC
 |- Actor Path: /Game/MyContent/Levels/Level1/Level1.Level1:PersistentLevel.LandscapeStreamingProxy_CF1B5M8438XNP34JYPL3TLY4B_126_3_3_0
 |- Actor Package: /Game/__ExternalActors__/MyContent/Levels/Level1/Level1/A/US/5Z38BF82IXBLQEV2MXGDM4
 |- Actor Path: /Game/MyContent/Levels/Level1/Level1.Level1:PersistentLevel.LevelSequenceActor_UAID_00D861A27B69195002_1379082384
 |- Actor Package: /Game/__ExternalActors__/MyContent/Levels/Level1/Level1/1/Y4/8D17QDLLPSAONSRJGKKVEB
 |- Actor Path: /Game/MyContent/Levels/Level1/Level1.Level1:PersistentLevel.PlayerStart_0
 |- Actor Package: /Game/__ExternalActors__/MyContent/Levels/Level1/Level1/6/IQ/V4NDEEJTE4S5IFWYEF0X88
 |- Actor Path: /Game/MyContent/Levels/Level1/Level1.Level1:PersistentLevel.PostProcessVolume_0
 |- Actor Package: /Game/__ExternalActors__/MyContent/Levels/Level1/Level1/7/FM/FQFUYE2WGY0ZMA6N44WW90
 |- Actor Path: /Game/MyContent/Levels/Level1/Level1.Level1:PersistentLevel.SkyAtmosphere_0
 |- Actor Package: /Game/__ExternalActors__/MyContent/Levels/Level1/Level1/A/S2/2NGHZ70JW7QCNGQZ6HKIQ0
 |- Actor Path: /Game/MyContent/Levels/Level1/Level1.Level1:PersistentLevel.SkyLight_0
 |- Actor Package: /Game/__ExternalActors__/MyContent/Levels/Level1/Level1/7/PT/H0KGFKRRC01TV06368ICFG
 |- Actor Path: /Game/MyContent/Levels/Level1/Level1.Level1:PersistentLevel.StaticMeshActor_0
 |- Actor Package: /Game/__ExternalActors__/MyContent/Levels/Level1/Level1/1/MX/3P2IGWQ2M8N0E34ZHR9UHT
 |- Actor Path: /Game/MyContent/Levels/Level1/Level1.Level1:PersistentLevel.StaticMeshActor_6
 |- Actor Package: /Game/__ExternalActors__/MyContent/Levels/Level1/Level1/C/CD/GC99HX1Q0PFEDMWVFJFEDE
 |- Actor Path: /Game/MyContent/Levels/Level1/Level1.Level1:PersistentLevel.StaticMeshActor_UAID_A4AE111137DC5EFB00_2001720423
 |- Actor Package: /Game/__ExternalActors__/MyContent/Levels/Level1/Level1/9/UR/F7G8JSFJTYZFJZWIHV364F
 |- Actor Path: /Game/MyContent/Levels/Level1/Level1.Level1:PersistentLevel.TextRenderActor_UAID_00D861A27B69185002_1925145205
 |- Actor Package: /Game/__ExternalActors__/MyContent/Levels/Level1/Level1/4/KH/YMYVY7T0467XVKZ8KBVMDG
 |- Actor Path: /Game/MyContent/Levels/Level1/Level1.Level1:PersistentLevel.TextRenderActor_UAID_00D861A27B69195002_1115915382
 |- Actor Package: /Game/__ExternalActors__/MyContent/Levels/Level1/Level1/3/F8/M3WVX2NKEN2SAK7RM8BWLK
 |- Actor Path: /Game/MyContent/Levels/Level1/Level1.Level1:PersistentLevel.VolumetricCloud_0
 |- Actor Package: /Game/__ExternalActors__/MyContent/Levels/Level1/Level1/0/7B/VLXOAV9ZBBNWOJMR8XD6DD
 |- Actor Path: /Game/MyContent/Levels/Level1/Level1.Level1:PersistentLevel.WorldDataLayers
 |- Actor Package: /Game/__ExternalActors__/MyContent/Levels/Level1/Level1/3/QG/9A6AVLO4XVR5PHLG48VOJ8

----------------------------------------------------------------------------------------------------------------
Level1 - Runtime Hash Set
----------------------------------------------------------------------------------------------------------------

